<?xml version="1.0" encoding="UTF-8"?>
<testsuite xmlns:xsi="http://www.w3.org/2001/XMLSchema-instance" xsi:noNamespaceSchemaLocation="https://maven.apache.org/surefire/maven-surefire-plugin/xsd/surefire-test-report.xsd" name="labsim.AppTest" time="30.318" tests="8" errors="0" skipped="0" failures="0">
  <properties>
[...]
</properties>
  <testcase name="testDistribucionNormal" classname="labsim.AppTest" time="5.218"/>
  <testcase name="shouldAnswerWithTrue" classname="labsim.AppTest" time="0"/>
  <testcase name="testFel" classname="labsim.AppTest" time="0.001"/>
  <testcase name="tetsDistribucionEmpiricaDiscreta" classname="labsim.AppTest" time="5.019"/>
  <testcase name="testDistribucionUniforme" classname="labsim.AppTest" time="5.01"/>
  <testcase name="testDistribucionExponencial" classname="labsim.AppTest" time="5.011"/>
  <testcase name="testDistribucionTriangular" classname="labsim.AppTest" time="5.022"/>
  <testcase name="testDistribucionPoisson" classname="labsim.AppTest" time="5.013"/>
</testsuite>